This is pdfTeX, Version 3.1415926-1.40.10 (TeX Live 2009/Debian) (format=pdflatex 2013.1.12)  6 DEC 2013 14:15
entering extended mode
 %&-line parsing enabled.
**mobisys
(./mobisys.tex
LaTeX2e <2009/09/24>
Babel <v3.8l> and hyphenation patterns for english, usenglishmax, dumylang, noh
yphenation, loaded.
(./sig-alternate-10pt.cls
(/usr/share/texmf-texlive/tex/latex/graphics/epsfig.sty
Package: epsfig 1999/02/16 v1.7a (e)psfig emulation (SPQR)

(/usr/share/texmf-texlive/tex/latex/graphics/graphicx.sty
Package: graphicx 1999/02/16 v1.0f Enhanced LaTeX Graphics (DPC,SPQR)

(/usr/share/texmf-texlive/tex/latex/graphics/keyval.sty
Package: keyval 1999/03/16 v1.13 key=value parser (DPC)
\KV@toks@=\toks14
)
(/usr/share/texmf-texlive/tex/latex/graphics/graphics.sty
Package: graphics 2009/02/05 v1.0o Standard LaTeX Graphics (DPC,SPQR)

(/usr/share/texmf-texlive/tex/latex/graphics/trig.sty
Package: trig 1999/03/16 v1.09 sin cos tan (DPC)
)
(/etc/texmf/tex/latex/config/graphics.cfg
File: graphics.cfg 2009/08/28 v1.8 graphics configuration of TeX Live
)
Package graphics Info: Driver file: pdftex.def on input line 91.

(/usr/share/texmf-texlive/tex/latex/pdftex-def/pdftex.def
File: pdftex.def 2010/03/12 v0.04p Graphics/color for pdfTeX
\Gread@gobject=\count79
))
\Gin@req@height=\dimen102
\Gin@req@width=\dimen103
)
\epsfxsize=\dimen104
\epsfysize=\dimen105
)
(/usr/share/texmf-texlive/tex/latex/amsfonts/amssymb.sty
Package: amssymb 2009/06/22 v3.00

(/usr/share/texmf-texlive/tex/latex/amsfonts/amsfonts.sty
Package: amsfonts 2009/06/22 v3.00 Basic AMSFonts support
\@emptytoks=\toks15
\symAMSa=\mathgroup4
\symAMSb=\mathgroup5
LaTeX Font Info:    Overwriting math alphabet `\mathfrak' in version `bold'
(Font)                  U/euf/m/n --> U/euf/b/n on input line 96.
))
(/usr/share/texmf-texlive/tex/latex/amsmath/amsmath.sty
Package: amsmath 2000/07/18 v2.13 AMS math features
\@mathmargin=\skip41

For additional information on amsmath, use the `?' option.
(/usr/share/texmf-texlive/tex/latex/amsmath/amstext.sty
Package: amstext 2000/06/29 v2.01

(/usr/share/texmf-texlive/tex/latex/amsmath/amsgen.sty
File: amsgen.sty 1999/11/30 v2.0
\@emptytoks=\toks16
\ex@=\dimen106
))
(/usr/share/texmf-texlive/tex/latex/amsmath/amsbsy.sty
Package: amsbsy 1999/11/29 v1.2d
\pmbraise@=\dimen107
)
(/usr/share/texmf-texlive/tex/latex/amsmath/amsopn.sty
Package: amsopn 1999/12/14 v2.01 operator names
)
\inf@bad=\count80
LaTeX Info: Redefining \frac on input line 211.
\uproot@=\count81
\leftroot@=\count82
LaTeX Info: Redefining \overline on input line 307.
\classnum@=\count83
\DOTSCASE@=\count84
LaTeX Info: Redefining \ldots on input line 379.
LaTeX Info: Redefining \dots on input line 382.
LaTeX Info: Redefining \cdots on input line 467.
\Mathstrutbox@=\box26
\strutbox@=\box27
\big@size=\dimen108
LaTeX Font Info:    Redeclaring font encoding OML on input line 567.
LaTeX Font Info:    Redeclaring font encoding OMS on input line 568.
\macc@depth=\count85
\c@MaxMatrixCols=\count86
\dotsspace@=\muskip10
\c@parentequation=\count87
\dspbrk@lvl=\count88
\tag@help=\toks17
\row@=\count89
\column@=\count90
\maxfields@=\count91
\andhelp@=\toks18
\eqnshift@=\dimen109
\alignsep@=\dimen110
\tagshift@=\dimen111
\tagwidth@=\dimen112
\totwidth@=\dimen113
\lineht@=\dimen114
\@envbody=\toks19
\multlinegap=\skip42
\multlinetaggap=\skip43
\mathdisplay@stack=\toks20
LaTeX Info: Redefining \[ on input line 2666.
LaTeX Info: Redefining \] on input line 2667.
)
Document Class 'sig-alternate' <3rd January '07>. Hacked by Anja Feldmann
Based in part upon document Style `acmconf' <22 May 89>. Hacked 4/91 by
shivers@cs.cmu.edu, 4/93 by theobald@cs.mcgill.ca
Excerpts were taken from (Journal Style) 'esub2acm.cls'.
****** Bugs/comments/suggestions/technicalities to Gerry Murray -- murray@hq.ac
m.org ******
Questions on the style, SIGS policies, etc. to Adrienne Griscti griscti@acm.org

\footheight=\dimen115
\@maxsep=\dimen116
\@dblmaxsep=\dimen117
\aucount=\count92
\originalaucount=\count93
\auwidth=\dimen118
\auskip=\dimen119
\auskipcount=\count94
\auskip=\dimen120
\allauboxes=\dimen121
\addauthors=\toks21
\addauflag=\count95
\subtitletext=\toks22
\savesection=\count96
\sectioncntr=\count97
\c@figure=\count98
\c@table=\count99
\titleboxnotes=\toks23
\titleboxnoteflag=\count100

LaTeX Warning: You have requested document class `sig-alternate-10pt',
               but the document class provides `sig-alternate'.

Document Class: sig-alternate 2007/03/01 - V1.9 - based on acmproc.cls V1.3 <No
v. 30 '99>
(/usr/share/texmf-texlive/tex/latex/base/latexsym.sty
Package: latexsym 1998/08/17 v2.2e Standard LaTeX package (lasy symbols)
\symlasy=\mathgroup6
LaTeX Font Info:    Overwriting symbol font `lasy' in version `bold'
(Font)                  U/lasy/m/n --> U/lasy/b/n on input line 47.
)
\@acmtitlebox=\box28
\titlenotecount=\count101
\tntoks=\toks24
\tntokstwo=\toks25
\tntoksthree=\toks26
\tntoksfour=\toks27
\tntoksfive=\toks28
\catcount=\count102
\conf=\toks29
\confinfo=\toks30
\c@part=\count103
\c@section=\count104
\c@subsection=\count105
\c@subsubsection=\count106
\c@paragraph=\count107

Using 'Abbrev' bibliography style
\bibindent=\dimen122
\colcntr=\count108
\savebox=\box29
\copyrtyr=\toks31
\acmcopyr=\toks32
\boilerplate=\toks33
\copyrightetc=\toks34
) (/usr/share/texmf-texlive/tex/latex/morefloats/morefloats.sty
\bx@S=\insert233
\bx@T=\insert232
\bx@U=\insert231
\bx@V=\insert230
\bx@W=\insert229
\bx@X=\insert228
\bx@Y=\insert227
\bx@Z=\insert226
\bx@AA=\insert225
\bx@BB=\insert224
\bx@CC=\insert223
\bx@DD=\insert222
\bx@EE=\insert221
\bx@FF=\insert220
\bx@GG=\insert219
\bx@HH=\insert218
\bx@II=\insert217
\bx@JJ=\insert216
)
(/usr/share/texmf-texlive/tex/latex/lipsum/lipsum.sty
Package: lipsum 2005/01/26 v1.0 150 paragraphs of Lorem Ipsum dummy text
File: lipsum.dtx 2005/01/26 v1.0 150 paragraphs of Lorem Ipsum dummy text
\c@lips@count=\count109
)
(/usr/share/texmf-texlive/tex/latex/pdfpages/pdfpages.sty
Package: pdfpages 2009/02/07 v0.4g Insert pages of external PDF documents (AM)

(/usr/share/texmf-texlive/tex/latex/base/ifthen.sty
Package: ifthen 2001/05/26 v1.1c Standard LaTeX ifthen package (DPC)
)
(/usr/share/texmf-texlive/tex/latex/tools/calc.sty
Package: calc 2007/08/22 v4.3 Infix arithmetic (KKT,FJ)
\calc@Acount=\count110
\calc@Bcount=\count111
\calc@Adimen=\dimen123
\calc@Bdimen=\dimen124
\calc@Askip=\skip44
\calc@Bskip=\skip45
LaTeX Info: Redefining \setlength on input line 76.
LaTeX Info: Redefining \addtolength on input line 77.
\calc@Ccount=\count112
\calc@Cskip=\skip46
)
(/usr/share/texmf-texlive/tex/latex/eso-pic/eso-pic.sty
Package: eso-pic 2006/07/14 v1.1d eso-pic (RN)

(/usr/share/texmf-texlive/tex/latex/ms/everyshi.sty
Package: everyshi 2001/05/15 v3.00 EveryShipout Package (MS)
))
(/usr/share/texmf-texlive/tex/latex/pdfpages/pppdftex.def
File: pppdftex.def 2009/02/07 v0.4g Pdfpages driver for pdfTeX (AM)
)
\AM@pagebox=\box30
\AM@toc@title=\toks35
\c@AM@survey=\count113
\AM@templatesizebox=\box31
) (./mobisys.aux)
\openout1 = `mobisys.aux'.

LaTeX Font Info:    Checking defaults for OML/cmm/m/it on input line 4.
LaTeX Font Info:    ... okay on input line 4.
LaTeX Font Info:    Checking defaults for T1/cmr/m/n on input line 4.
LaTeX Font Info:    ... okay on input line 4.
LaTeX Font Info:    Checking defaults for OT1/cmr/m/n on input line 4.
LaTeX Font Info:    ... okay on input line 4.
LaTeX Font Info:    Checking defaults for OMS/cmsy/m/n on input line 4.
LaTeX Font Info:    ... okay on input line 4.
LaTeX Font Info:    Checking defaults for OMX/cmex/m/n on input line 4.
LaTeX Font Info:    ... okay on input line 4.
LaTeX Font Info:    Checking defaults for U/cmr/m/n on input line 4.
LaTeX Font Info:    ... okay on input line 4.

(/usr/share/texmf-texlive/tex/context/base/supp-pdf.mkii
[Loading MPS to PDF converter (version 2006.09.02).]
\scratchcounter=\count114
\scratchdimen=\dimen125
\scratchbox=\box32
\nofMPsegments=\count115
\nofMParguments=\count116
\everyMPshowfont=\toks36
\MPscratchCnt=\count117
\MPscratchDim=\dimen126
\MPnumerator=\count118
\everyMPtoPDFconversion=\toks37
) ABD: EveryShipout initializing macros
(/usr/share/texmf-texlive/tex/latex/graphics/color.sty
Package: color 2005/11/14 v1.0j Standard LaTeX Color (DPC)

(/etc/texmf/tex/latex/config/color.cfg
File: color.cfg 2007/01/18 v1.5 color configuration of teTeX/TeXLive
)
Package color Info: Driver file: pdftex.def on input line 130.
)
LaTeX Font Info:    Try loading font information for U+msa on input line 10.

(/usr/share/texmf-texlive/tex/latex/amsfonts/umsa.fd
File: umsa.fd 2009/06/22 v3.00 AMS symbols A
)
LaTeX Font Info:    Try loading font information for U+msb on input line 10.

(/usr/share/texmf-texlive/tex/latex/amsfonts/umsb.fd
File: umsb.fd 2009/06/22 v3.00 AMS symbols B
)
LaTeX Font Info:    Try loading font information for U+lasy on input line 10.

(/usr/share/texmf-texlive/tex/latex/base/ulasy.fd
File: ulasy.fd 1998/08/17 v2.2e LaTeX symbol font definitions
)

LaTeX Warning: No \author given.

(./introduction.tex
Missing character: There is no â in font cmr10!
Missing character: There is no € in font cmr10!
Missing character: There is no ™ in font cmr10!

Overfull \hbox (1.66705pt too wide) in paragraph at lines 23--28
\OT1/cmr/m/n/10 im-ple-ment sim-i-lar ap-proaches to re-duce power con-sump-
 []


Underfull \vbox (badness 10000) has occurred while \output is active []


Overfull \hbox (13.99118pt too wide) in paragraph at lines 29--34
\OT1/cmr/m/n/10 more pow-er-ful and power-hungry pro-ces-sors<cite>. <TODO:
 []


Overfull \hbox (1.70876pt too wide) in paragraph at lines 29--34
\OT1/cmr/m/n/10 pear-ance in con-sumer elec-tron-ics in the Sam-sung Galaxy
 []

Missing character: There is no â in font cmr10!
Missing character: There is no € in font cmr10!
Missing character: There is no œ in font cmr10!
Missing character: There is no â in font cmr10!
Missing character: There is no € in font cmr10!
Missing character: There is no  in font cmr10!
) (./related.tex
Underfull \vbox (badness 10000) has occurred while \output is active []

 [1{/var/lib/texmf/fonts/map/pdftex/updmap/pdftex.map}


]) (./approach.tex)
(./evaluation.tex [2]
Overfull \hbox (4.02814pt too wide) in paragraph at lines 48--49
\OT1/cmr/m/n/10 sim-i-larly to how a mo-bile de-vice would re-ceive ac-celerom-

 []


Overfull \hbox (3.9587pt too wide) in paragraph at lines 75--77
[]\OT1/cmr/m/n/10 We per-formed power mea-sure-ments on a Google Nexus
 []


Overfull \hbox (12.02713pt too wide) in paragraph at lines 78--84
\OT1/cmr/m/n/10 laris LM4F120H5QR mi-cro-con-troller pow-ered by a Cortex-
 []


Overfull \hbox (23.67538pt too wide) in paragraph at lines 87--97
[][] 
 []


Overfull \hbox (1.16702pt too wide) in paragraph at lines 85--100
[]\OT1/cmr/m/n/10 TODO: men-tion that power mea-sure-ments were taken
 []


Overfull \hbox (3.55585pt too wide) in paragraph at lines 105--106
[]\OT1/cmr/m/n/10 To col-lect the ac-celerom-e-ter traces for our mi-crobench-
 []


Overfull \hbox (1.667pt too wide) in paragraph at lines 113--114
\OT1/cmr/m/n/10 and all of the col-lected ac-celerom-e-ter read-ings are passed

 []

[3]
Underfull \vbox (badness 1430) has occurred while \output is active []

 [4]
Overfull \hbox (2.72263pt too wide) in paragraph at lines 147--148
[]\OT1/cmr/m/n/10 For the mac-robench-marks, we im-ple-mented a pe-dome-
 []

<./figures/action_times.png, id=19, 804.00375pt x 447.17062pt>
File: ./figures/action_times.png Graphic file (type png)

<use ./figures/action_times.png>
Overfull \hbox (16.0748pt too wide) in paragraph at lines 162--163
[][] 
 []

<./figures/aa_recall_by_group.png, id=21, 800.23969pt x 444.91219pt>
File: ./figures/aa_recall_by_group.png Graphic file (type png)

<use ./figures/aa_recall_by_group.png>
Overfull \hbox (16.0748pt too wide) in paragraph at lines 168--169
[][] 
 []

<./figures/aa_precision_by_group.png, id=22, 703.87968pt x 396.7322pt>
File: ./figures/aa_precision_by_group.png Graphic file (type png)

<use ./figures/aa_precision_by_group.png>
Overfull \hbox (16.0748pt too wide) in paragraph at lines 175--176
[][] 
 []

<./figures/aa_precision_by_group2.png, id=23, 694.09312pt x 373.395pt>
File: ./figures/aa_precision_by_group2.png Graphic file (type png)

<use ./figures/aa_precision_by_group2.png>
Overfull \hbox (16.0748pt too wide) in paragraph at lines 182--183
[][] 
 []

<./figures/dc_recall_by_interval.png, id=24, 1109.64563pt x 374.14781pt>
File: ./figures/dc_recall_by_interval.png Graphic file (type png)

<use ./figures/dc_recall_by_interval.png>
Overfull \hbox (16.0748pt too wide) in paragraph at lines 189--190
[][] 
 []

<./figures/dc_recall_vs_power.png, id=25, 714.41907pt x 363.60844pt>
File: ./figures/dc_recall_vs_power.png Graphic file (type png)

<use ./figures/dc_recall_vs_power.png>
Overfull \hbox (16.0748pt too wide) in paragraph at lines 196--197
[][] 
 []


<./figures/dc_wakeup_precision_by_interval.png, id=26, 947.03813pt x 472.01344p
t>
File: ./figures/dc_wakeup_precision_by_interval.png Graphic file (type png)
 <use ./figures/dc_wakeup_precision_by_interval.png>
Overfull \hbox (16.0748pt too wide) in paragraph at lines 203--204
[][] 
 []

<./figures/batching_power_by_interval.png, id=27, 836.3747pt x 459.96844pt>
File: ./figures/batching_power_by_interval.png Graphic file (type png)

<use ./figures/batching_power_by_interval.png>
Overfull \hbox (16.0748pt too wide) in paragraph at lines 210--211
[][] 
 []


<./figures/batching_wakeup_precision_by_interval.png, id=28, 986.18437pt x 475.
7775pt>
File: ./figures/batching_wakeup_precision_by_interval.png Graphic file (type pn
g)
 <use ./figures/batching_wakeup_precision_by_interval.png>
Overfull \hbox (16.0748pt too wide) in paragraph at lines 217--218
[][] 
 []

<./figures/wuc_step_th.png, id=29, 871.00406pt x 383.93437pt>
File: ./figures/wuc_step_th.png Graphic file (type png)

<use ./figures/wuc_step_th.png>
Overfull \hbox (16.0748pt too wide) in paragraph at lines 224--225
[][] 
 []

<./figures/wuc_step_ema_th.png, id=30, 874.01532pt x 382.42876pt>
File: ./figures/wuc_step_ema_th.png Graphic file (type png)

<use ./figures/wuc_step_ema_th.png>
Overfull \hbox (16.0748pt too wide) in paragraph at lines 231--232
[][] 
 []

<./figures/wuc_step_ema_alpha.png, id=31, 871.00406pt x 383.18156pt>
File: ./figures/wuc_step_ema_alpha.png Graphic file (type png)

<use ./figures/wuc_step_ema_alpha.png>
Overfull \hbox (16.0748pt too wide) in paragraph at lines 238--239
[][] 
 []

<./figures/wuc_step_fft_th.png, id=32, 868.74562pt x 382.42876pt>
File: ./figures/wuc_step_fft_th.png Graphic file (type png)

<use ./figures/wuc_step_fft_th.png>
Overfull \hbox (16.0748pt too wide) in paragraph at lines 245--246
[][] 
 []

<./figures/wuc_step_fft_alpha.png, id=33, 868.74562pt x 384.6872pt>
File: ./figures/wuc_step_fft_alpha.png Graphic file (type png)

<use ./figures/wuc_step_fft_alpha.png>
Overfull \hbox (16.0748pt too wide) in paragraph at lines 252--253
[][] 
 []

<./figures/wuc_hb_th.png, id=34, 892.83563pt x 383.93437pt>
File: ./figures/wuc_hb_th.png Graphic file (type png)

<use ./figures/wuc_hb_th.png>
Overfull \hbox (16.0748pt too wide) in paragraph at lines 259--260
[][] 
 []

<./figures/wuc_hb_ema_th.png, id=35, 892.08281pt x 380.92313pt>
File: ./figures/wuc_hb_ema_th.png Graphic file (type png)

<use ./figures/wuc_hb_ema_th.png>
Overfull \hbox (16.0748pt too wide) in paragraph at lines 266--267
[][] 
 []

<./figures/wuc_hb_ema_alpha.png, id=36, 887.56593pt x 377.15906pt>
File: ./figures/wuc_hb_ema_alpha.png Graphic file (type png)

<use ./figures/wuc_hb_ema_alpha.png>
Overfull \hbox (16.0748pt too wide) in paragraph at lines 273--274
[][] 
 []

<./figures/wuc_hb_fft_th.png, id=37, 890.5772pt x 386.94562pt>
File: ./figures/wuc_hb_fft_th.png Graphic file (type png)

<use ./figures/wuc_hb_fft_th.png>
Overfull \hbox (16.0748pt too wide) in paragraph at lines 280--281
[][] 
 []

<./figures/wuc_hb_fft_alpha.png, id=38, 891.33pt x 378.66469pt>
File: ./figures/wuc_hb_fft_alpha.png Graphic file (type png)

<use ./figures/wuc_hb_fft_alpha.png>
Overfull \hbox (16.0748pt too wide) in paragraph at lines 287--288
[][] 
 []



pdfTeX warning: pdflatex (file ./figures/summaries.pdf): PDF inclusion: found P
DF version <1.5>, but at most version <1.4> allowed


pdfTeX warning: pdflatex (file ./figures/summaries.pdf): PDF inclusion: found P
DF version <1.5>, but at most version <1.4> allowed
[5] [6 <./figures/action_times.png> <./figures/aa_recall_by_group.png> <./figur
es/aa_precision_by_group.png> <./figures/aa_precision_by_group2.png> <./figures
/dc_recall_by_interval.png> <./figures/dc_recall_vs_power.png> <./figures/dc_wa
keup_precision_by_interval.png>] [7 <./figures/batching_power_by_interval.png> 
<./figures/batching_wakeup_precision_by_interval.png> <./figures/wuc_step_th.pn
g> <./figures/wuc_step_ema_th.png> <./figures/wuc_step_ema_alpha.png> <./figure
s/wuc_step_fft_th.png> <./figures/wuc_step_fft_alpha.png> <./figures/wuc_hb_th.
png>] [8

 <./figures/wuc_hb_ema_th.png> <./figures/wuc_hb_ema_alpha.png> <./figures/wuc_
hb_fft_th.png> <./figures/wuc_hb_fft_alpha.png>]

pdfTeX warning: pdflatex (file ./figures/summaries.pdf): PDF inclusion: found P
DF version <1.5>, but at most version <1.4> allowed
<./figures/summaries.pdf, id=75, page=1, 794.97pt x 614.295pt>
File: ./figures/summaries.pdf Graphic file (type pdf)

<use ./figures/summaries.pdf, page 1>
File: ./figures/summaries.pdf Graphic file (type pdf)
 <use ./figures/summaries.pdf, page 1>
File: ./figures/summaries.pdf Graphic file (type pdf)

<use ./figures/summaries.pdf, page 1>
File: ./figures/summaries.pdf Graphic file (type pdf)
 <use ./figures/summaries.pdf, page 1>
File: ./figures/summaries.pdf Graphic file (type pdf)

<use ./figures/summaries.pdf, page 1> [9

 <./figures/summaries.pdf>]

pdfTeX warning: pdflatex (file ./figures/summaries.pdf): PDF inclusion: found P
DF version <1.5>, but at most version <1.4> allowed
<./figures/summaries.pdf, id=86, page=2, 794.97pt x 614.295pt>
File: ./figures/summaries.pdf Graphic file (type pdf)

<use ./figures/summaries.pdf, page 2>
File: ./figures/summaries.pdf Graphic file (type pdf)
 <use ./figures/summaries.pdf, page 2>
File: ./figures/summaries.pdf Graphic file (type pdf)

<use ./figures/summaries.pdf, page 2> [10 <./figures/summaries.pdf>]

pdfTeX warning: pdflatex (file ./figures/summaries.pdf): PDF inclusion: found P
DF version <1.5>, but at most version <1.4> allowed
<./figures/summaries.pdf, id=92, page=3, 794.97pt x 614.295pt>
File: ./figures/summaries.pdf Graphic file (type pdf)

<use ./figures/summaries.pdf, page 3>
File: ./figures/summaries.pdf Graphic file (type pdf)
 <use ./figures/summaries.pdf, page 3>
File: ./figures/summaries.pdf Graphic file (type pdf)

<use ./figures/summaries.pdf, page 3> [11 <./figures/summaries.pdf>]

pdfTeX warning: pdflatex (file ./figures/summaries.pdf): PDF inclusion: found P
DF version <1.5>, but at most version <1.4> allowed
<./figures/summaries.pdf, id=98, page=4, 794.97pt x 614.295pt>
File: ./figures/summaries.pdf Graphic file (type pdf)

<use ./figures/summaries.pdf, page 4>
File: ./figures/summaries.pdf Graphic file (type pdf)
 <use ./figures/summaries.pdf, page 4>
File: ./figures/summaries.pdf Graphic file (type pdf)

<use ./figures/summaries.pdf, page 4> [12 <./figures/summaries.pdf>]

pdfTeX warning: pdflatex (file ./figures/summaries.pdf): PDF inclusion: found P
DF version <1.5>, but at most version <1.4> allowed
<./figures/summaries.pdf, id=104, page=5, 794.97pt x 614.295pt>
File: ./figures/summaries.pdf Graphic file (type pdf)

<use ./figures/summaries.pdf, page 5>
File: ./figures/summaries.pdf Graphic file (type pdf)
 <use ./figures/summaries.pdf, page 5>
File: ./figures/summaries.pdf Graphic file (type pdf)

<use ./figures/summaries.pdf, page 5> [13 <./figures/summaries.pdf>]

pdfTeX warning: pdflatex (file ./figures/summaries.pdf): PDF inclusion: found P
DF version <1.5>, but at most version <1.4> allowed
<./figures/summaries.pdf, id=111, page=6, 794.97pt x 614.295pt>
File: ./figures/summaries.pdf Graphic file (type pdf)

<use ./figures/summaries.pdf, page 6>
File: ./figures/summaries.pdf Graphic file (type pdf)
 <use ./figures/summaries.pdf, page 6>
File: ./figures/summaries.pdf Graphic file (type pdf)

<use ./figures/summaries.pdf, page 6> [14 <./figures/summaries.pdf>]

pdfTeX warning: pdflatex (file ./figures/summaries.pdf): PDF inclusion: found P
DF version <1.5>, but at most version <1.4> allowed
<./figures/summaries.pdf, id=117, page=7, 794.97pt x 614.295pt>
File: ./figures/summaries.pdf Graphic file (type pdf)

<use ./figures/summaries.pdf, page 7>
File: ./figures/summaries.pdf Graphic file (type pdf)
 <use ./figures/summaries.pdf, page 7>
File: ./figures/summaries.pdf Graphic file (type pdf)

<use ./figures/summaries.pdf, page 7> [15 <./figures/summaries.pdf>]

pdfTeX warning: pdflatex (file ./figures/summaries.pdf): PDF inclusion: found P
DF version <1.5>, but at most version <1.4> allowed
<./figures/summaries.pdf, id=123, page=8, 794.97pt x 614.295pt>
File: ./figures/summaries.pdf Graphic file (type pdf)

<use ./figures/summaries.pdf, page 8>
File: ./figures/summaries.pdf Graphic file (type pdf)
 <use ./figures/summaries.pdf, page 8>
File: ./figures/summaries.pdf Graphic file (type pdf)

<use ./figures/summaries.pdf, page 8> [16 <./figures/summaries.pdf>]

pdfTeX warning: pdflatex (file ./figures/summaries.pdf): PDF inclusion: found P
DF version <1.5>, but at most version <1.4> allowed
<./figures/summaries.pdf, id=129, page=9, 794.97pt x 614.295pt>
File: ./figures/summaries.pdf Graphic file (type pdf)

<use ./figures/summaries.pdf, page 9>
File: ./figures/summaries.pdf Graphic file (type pdf)
 <use ./figures/summaries.pdf, page 9>
File: ./figures/summaries.pdf Graphic file (type pdf)

<use ./figures/summaries.pdf, page 9> [17 <./figures/summaries.pdf>]

pdfTeX warning: pdflatex (file ./figures/summaries.pdf): PDF inclusion: found P
DF version <1.5>, but at most version <1.4> allowed
<./figures/summaries.pdf, id=135, page=10, 794.97pt x 614.295pt>
File: ./figures/summaries.pdf Graphic file (type pdf)

<use ./figures/summaries.pdf, page 10>
File: ./figures/summaries.pdf Graphic file (type pdf)
 <use ./figures/summaries.pdf, page 10>
File: ./figures/summaries.pdf Graphic file (type pdf)

<use ./figures/summaries.pdf, page 10> [18 <./figures/summaries.pdf>]

pdfTeX warning: pdflatex (file ./figures/summaries.pdf): PDF inclusion: found P
DF version <1.5>, but at most version <1.4> allowed
<./figures/summaries.pdf, id=143, page=11, 794.97pt x 614.295pt>
File: ./figures/summaries.pdf Graphic file (type pdf)

<use ./figures/summaries.pdf, page 11>
File: ./figures/summaries.pdf Graphic file (type pdf)
 <use ./figures/summaries.pdf, page 11>
File: ./figures/summaries.pdf Graphic file (type pdf)

<use ./figures/summaries.pdf, page 11> [19 <./figures/summaries.pdf>]

pdfTeX warning: pdflatex (file ./figures/summaries.pdf): PDF inclusion: found P
DF version <1.5>, but at most version <1.4> allowed
<./figures/summaries.pdf, id=150, page=12, 794.97pt x 614.295pt>
File: ./figures/summaries.pdf Graphic file (type pdf)

<use ./figures/summaries.pdf, page 12>
File: ./figures/summaries.pdf Graphic file (type pdf)
 <use ./figures/summaries.pdf, page 12>
File: ./figures/summaries.pdf Graphic file (type pdf)

<use ./figures/summaries.pdf, page 12> [20 <./figures/summaries.pdf>])
(./mobisys.bbl) [21


] (./mobisys.aux)

LaTeX Warning: Label(s) may have changed. Rerun to get cross-references right.

 ) 
Here is how much of TeX's memory you used:
 3006 strings out of 495061
 40915 string characters out of 1182621
 194222 words of memory out of 3000000
 6114 multiletter control sequences out of 15000+50000
 36624 words of font info for 45 fonts, out of 3000000 for 9000
 28 hyphenation exceptions out of 8191
 39i,16n,37p,1169b,401s stack positions out of 5000i,500n,10000p,200000b,50000s
{/usr/share/texmf-texlive/fonts/enc/dvips/base/8r.enc}</usr/share/texmf-texli
ve/fonts/type1/public/amsfonts/cm/cmbx10.pfb></usr/share/texmf-texlive/fonts/ty
pe1/public/amsfonts/cm/cmr10.pfb></usr/share/texmf-texlive/fonts/type1/urw/helv
etic/uhvb8a.pfb></usr/share/texmf-texlive/fonts/type1/urw/times/utmb8a.pfb></us
r/share/texmf-texlive/fonts/type1/urw/times/utmri8a.pfb>
Output written on mobisys.pdf (21 pages, 879132 bytes).
PDF statistics:
 177 PDF objects out of 1000 (max. 8388607)
 0 named destinations out of 1000 (max. 500000)
 166 words of extra memory for PDF output out of 10000 (max. 10000000)

